Using pre-set license
Built from '2021.1/release' branch; Version is '2021.1.1f1 (6fdc41dfa55a) revision 7330881'; Using compiler version '192528614'; Build Type 'Release'
OS: 'Windows 10 Home; OS build 19041.985; Version 2004; 64bit' Language: 'ko' Physical Memory: 16307 MB
BatchMode: 1, IsHumanControllingUs: 0, StartBugReporterOnCrash: 0, Is64bit: 1, IsPro: 0

 COMMAND LINE ARGUMENTS:
C:\Program Files\Unity\Hub\Editor\2021.1.1f1\Editor\Unity.exe
-adb2
-batchMode
-noUpm
-name
AssetImportWorker0
-projectPath
C:/Users/Master/Desktop/유한/Git/Soft
-logFile
Logs/AssetImportWorker0.log
-srvPort
59597
Successfully changed project path to: C:/Users/Master/Desktop/유한/Git/Soft
C:/Users/Master/Desktop/유한/Git/Soft
Using Asset Import Pipeline V2.
Refreshing native plugins compatible for Editor in 22.00 ms, found 0 plugins.
Preloading 0 native plugins for Editor in 0.00 ms.
Initialize engine version: 2021.1.1f1 (6fdc41dfa55a)
[Subsystems] Discovering subsystems at path C:/Program Files/Unity/Hub/Editor/2021.1.1f1/Editor/Data/Resources/UnitySubsystems
[Subsystems] Discovering subsystems at path C:/Users/Master/Desktop/유한/Git/Soft/Assets
GfxDevice: creating device client; threaded=0; jobified=0
Direct3D:
    Version:  Direct3D 11.0 [level 11.1]
    Renderer: NVIDIA GeForce RTX 2060 (ID=0x1f08)
    Vendor:   NVIDIA
    VRAM:     5980 MB
    Driver:   27.21.14.5671
Initialize mono
Mono path[0] = 'C:/Program Files/Unity/Hub/Editor/2021.1.1f1/Editor/Data/Managed'
Mono path[1] = 'C:/Program Files/Unity/Hub/Editor/2021.1.1f1/Editor/Data/MonoBleedingEdge/lib/mono/unityjit'
Mono config path = 'C:/Program Files/Unity/Hub/Editor/2021.1.1f1/Editor/Data/MonoBleedingEdge/etc'
Using monoOptions --debugger-agent=transport=dt_socket,embedding=1,server=y,suspend=n,address=127.0.0.1:56024
Begin MonoManager ReloadAssembly
Registering precompiled unity dll's ...
Register platform support module: C:/Program Files/Unity/Hub/Editor/2021.1.1f1/Editor/Data/PlaybackEngines/WindowsStandaloneSupport/UnityEditor.WindowsStandalone.Extensions.dll
Registered in 0.001564 seconds.
Native extension for WindowsStandalone target not found
Refreshing native plugins compatible for Editor in 20.87 ms, found 0 plugins.
Preloading 0 native plugins for Editor in 0.00 ms.
Mono: successfully reloaded assembly
- Completed reload, in  1.026 seconds
Platform modules already initialized, skipping
Registering precompiled user dll's ...
Registered in 0.000508 seconds.
Begin MonoManager ReloadAssembly
Native extension for WindowsStandalone target not found
Refreshing native plugins compatible for Editor in 0.24 ms, found 0 plugins.
Preloading 0 native plugins for Editor in 0.00 ms.
Mono: successfully reloaded assembly
- Completed reload, in  0.687 seconds
Platform modules already initialized, skipping
========================================================================
Worker process is ready to serve import requests
Launched and connected shader compiler UnityShaderCompiler.exe after 0.03 seconds
Refreshing native plugins compatible for Editor in 0.23 ms, found 0 plugins.
Preloading 0 native plugins for Editor in 0.00 ms.
Unloading 1187 Unused Serialized files (Serialized files now loaded: 0)
System memory in use before: 62.1 MB.
System memory in use after: 62.1 MB.

Unloading 10 unused Assets to reduce memory usage. Loaded Objects now: 1645.
Total: 1.597200 ms (FindLiveObjects: 0.148800 ms CreateObjectMapping: 0.025500 ms MarkObjects: 1.358900 ms  DeleteObjects: 0.063100 ms)

========================================================================
Received Import Request.
  path: Assets/Scripts/Enemy/DieFade.cs
  artifactKey: Guid(52c7f4d85f4934b449590a42b6c86ecb) Importer(815301076,1909f56bfc062723c751e8b465ee728b)
Start importing Assets/Scripts/Enemy/DieFade.cs using Guid(52c7f4d85f4934b449590a42b6c86ecb) Importer(815301076,1909f56bfc062723c751e8b465ee728b)  -> (artifact id: '9f74ffc80cfc2458e623d4590d1a03ab') in 0.024950 seconds 
========================================================================
Received Prepare
Registering precompiled user dll's ...
Registered in 0.000441 seconds.
Begin MonoManager ReloadAssembly
Native extension for WindowsStandalone target not found
Refreshing native plugins compatible for Editor in 0.23 ms, found 0 plugins.
Preloading 0 native plugins for Editor in 0.00 ms.
Mono: successfully reloaded assembly
- Completed reload, in  0.653 seconds
Platform modules already initialized, skipping
Refreshing native plugins compatible for Editor in 0.22 ms, found 0 plugins.
Preloading 0 native plugins for Editor in 0.00 ms.
Unloading 1169 Unused Serialized files (Serialized files now loaded: 0)
System memory in use before: 60.7 MB.
System memory in use after: 60.8 MB.

Unloading 5 unused Assets to reduce memory usage. Loaded Objects now: 1648.
Total: 1.523200 ms (FindLiveObjects: 0.128500 ms CreateObjectMapping: 0.025100 ms MarkObjects: 1.328800 ms  DeleteObjects: 0.040000 ms)

========================================================================
Received Prepare
Registering precompiled user dll's ...
Registered in 0.000544 seconds.
Begin MonoManager ReloadAssembly
Native extension for WindowsStandalone target not found
Refreshing native plugins compatible for Editor in 0.23 ms, found 0 plugins.
Preloading 0 native plugins for Editor in 0.00 ms.
Mono: successfully reloaded assembly
- Completed reload, in  0.630 seconds
Platform modules already initialized, skipping
Refreshing native plugins compatible for Editor in 0.23 ms, found 0 plugins.
Preloading 0 native plugins for Editor in 0.00 ms.
Unloading 1169 Unused Serialized files (Serialized files now loaded: 0)
System memory in use before: 60.7 MB.
System memory in use after: 60.8 MB.

Unloading 5 unused Assets to reduce memory usage. Loaded Objects now: 1651.
Total: 1.887400 ms (FindLiveObjects: 0.165300 ms CreateObjectMapping: 0.030200 ms MarkObjects: 1.647300 ms  DeleteObjects: 0.043200 ms)

========================================================================
Received Import Request.
  Time since last request: 195.442808 seconds.
  path: Assets/Scripts/Enemy/DieFade.cs
  artifactKey: Guid(52c7f4d85f4934b449590a42b6c86ecb) Importer(815301076,1909f56bfc062723c751e8b465ee728b)
Start importing Assets/Scripts/Enemy/DieFade.cs using Guid(52c7f4d85f4934b449590a42b6c86ecb) Importer(815301076,1909f56bfc062723c751e8b465ee728b)  -> (artifact id: 'b1d37379d0241985a5aef9370d0fa98c') in 0.005399 seconds 
========================================================================
Received Import Request.
  Time since last request: 47.506604 seconds.
  path: Assets/Prefab/Mob/Mob.prefab
  artifactKey: Guid(86ed252a24129a54a87ca8ec5b80a8bf) Importer(815301076,1909f56bfc062723c751e8b465ee728b)
Start importing Assets/Prefab/Mob/Mob.prefab using Guid(86ed252a24129a54a87ca8ec5b80a8bf) Importer(815301076,1909f56bfc062723c751e8b465ee728b)  -> (artifact id: '1484da674d15a3df86cddebc2e65f06e') in 0.080384 seconds 
========================================================================
Received Import Request.
  Time since last request: 2.053143 seconds.
  path: Assets/Prefab/Mob/Mob.prefab
  artifactKey: Guid(86ed252a24129a54a87ca8ec5b80a8bf) Importer(815301076,1909f56bfc062723c751e8b465ee728b)
Start importing Assets/Prefab/Mob/Mob.prefab using Guid(86ed252a24129a54a87ca8ec5b80a8bf) Importer(815301076,1909f56bfc062723c751e8b465ee728b)  -> (artifact id: '09ab52a4f7d18a3ef3667c26e8c20380') in 0.011287 seconds 
========================================================================
Received Import Request.
  Time since last request: 35.721320 seconds.
  path: Assets/Prefab/Mob/Mob.prefab
  artifactKey: Guid(86ed252a24129a54a87ca8ec5b80a8bf) Importer(815301076,1909f56bfc062723c751e8b465ee728b)
Start importing Assets/Prefab/Mob/Mob.prefab using Guid(86ed252a24129a54a87ca8ec5b80a8bf) Importer(815301076,1909f56bfc062723c751e8b465ee728b)  -> (artifact id: '20ff74c83b60e4d41297401cb0696775') in 0.009371 seconds 
========================================================================
Received Prepare
Registering precompiled user dll's ...
Registered in 0.000517 seconds.
Begin MonoManager ReloadAssembly
Native extension for WindowsStandalone target not found
Refreshing native plugins compatible for Editor in 0.24 ms, found 0 plugins.
Preloading 0 native plugins for Editor in 0.00 ms.
Mono: successfully reloaded assembly
- Completed reload, in  0.609 seconds
Platform modules already initialized, skipping
Refreshing native plugins compatible for Editor in 0.22 ms, found 0 plugins.
Preloading 0 native plugins for Editor in 0.00 ms.
Unloading 1169 Unused Serialized files (Serialized files now loaded: 0)
System memory in use before: 64.6 MB.
System memory in use after: 64.7 MB.

Unloading 5 unused Assets to reduce memory usage. Loaded Objects now: 1663.
Total: 1.560400 ms (FindLiveObjects: 0.138300 ms CreateObjectMapping: 0.031100 ms MarkObjects: 1.346800 ms  DeleteObjects: 0.043100 ms)

========================================================================
Received Prepare
Registering precompiled user dll's ...
Registered in 0.000460 seconds.
Begin MonoManager ReloadAssembly
Native extension for WindowsStandalone target not found
Refreshing native plugins compatible for Editor in 0.24 ms, found 0 plugins.
Preloading 0 native plugins for Editor in 0.00 ms.
Mono: successfully reloaded assembly
- Completed reload, in  0.628 seconds
Platform modules already initialized, skipping
Refreshing native plugins compatible for Editor in 0.22 ms, found 0 plugins.
Preloading 0 native plugins for Editor in 0.00 ms.
Unloading 1169 Unused Serialized files (Serialized files now loaded: 0)
System memory in use before: 64.6 MB.
System memory in use after: 64.7 MB.

Unloading 5 unused Assets to reduce memory usage. Loaded Objects now: 1666.
Total: 1.638700 ms (FindLiveObjects: 0.128900 ms CreateObjectMapping: 0.030600 ms MarkObjects: 1.437200 ms  DeleteObjects: 0.041100 ms)

========================================================================
Received Prepare
Registering precompiled user dll's ...
Registered in 0.001073 seconds.
Begin MonoManager ReloadAssembly
Native extension for WindowsStandalone target not found
Refreshing native plugins compatible for Editor in 0.24 ms, found 0 plugins.
Preloading 0 native plugins for Editor in 0.00 ms.
Mono: successfully reloaded assembly
- Completed reload, in  0.597 seconds
Platform modules already initialized, skipping
Refreshing native plugins compatible for Editor in 0.22 ms, found 0 plugins.
Preloading 0 native plugins for Editor in 0.00 ms.
Unloading 1169 Unused Serialized files (Serialized files now loaded: 0)
System memory in use before: 64.6 MB.
System memory in use after: 64.7 MB.

Unloading 5 unused Assets to reduce memory usage. Loaded Objects now: 1669.
Total: 1.503700 ms (FindLiveObjects: 0.123400 ms CreateObjectMapping: 0.025600 ms MarkObjects: 1.316200 ms  DeleteObjects: 0.037700 ms)

========================================================================
Received Import Request.
  Time since last request: 119.498128 seconds.
  path: Assets/Prefab/Mob/Mob.prefab
  artifactKey: Guid(86ed252a24129a54a87ca8ec5b80a8bf) Importer(815301076,1909f56bfc062723c751e8b465ee728b)
Start importing Assets/Prefab/Mob/Mob.prefab using Guid(86ed252a24129a54a87ca8ec5b80a8bf) Importer(815301076,1909f56bfc062723c751e8b465ee728b)  -> (artifact id: '9c0d191df401d8f3eeda71ba5d402ea5') in 0.051777 seconds 
========================================================================
Received Prepare
Registering precompiled user dll's ...
Registered in 0.000498 seconds.
Begin MonoManager ReloadAssembly
Native extension for WindowsStandalone target not found
Refreshing native plugins compatible for Editor in 0.23 ms, found 0 plugins.
Preloading 0 native plugins for Editor in 0.00 ms.
Mono: successfully reloaded assembly
- Completed reload, in  0.650 seconds
Platform modules already initialized, skipping
Refreshing native plugins compatible for Editor in 0.23 ms, found 0 plugins.
Preloading 0 native plugins for Editor in 0.00 ms.
Unloading 1169 Unused Serialized files (Serialized files now loaded: 0)
System memory in use before: 64.6 MB.
System memory in use after: 64.7 MB.

Unloading 5 unused Assets to reduce memory usage. Loaded Objects now: 1673.
Total: 1.654600 ms (FindLiveObjects: 0.186400 ms CreateObjectMapping: 0.027800 ms MarkObjects: 1.391500 ms  DeleteObjects: 0.047900 ms)

========================================================================
Received Prepare
Registering precompiled user dll's ...
Registered in 0.000858 seconds.
Begin MonoManager ReloadAssembly
Native extension for WindowsStandalone target not found
Refreshing native plugins compatible for Editor in 0.23 ms, found 0 plugins.
Preloading 0 native plugins for Editor in 0.00 ms.
Mono: successfully reloaded assembly
- Completed reload, in  0.601 seconds
Platform modules already initialized, skipping
Refreshing native plugins compatible for Editor in 0.23 ms, found 0 plugins.
Preloading 0 native plugins for Editor in 0.00 ms.
Unloading 1169 Unused Serialized files (Serialized files now loaded: 0)
System memory in use before: 64.6 MB.
System memory in use after: 64.7 MB.

Unloading 5 unused Assets to reduce memory usage. Loaded Objects now: 1676.
Total: 1.622800 ms (FindLiveObjects: 0.152000 ms CreateObjectMapping: 0.026200 ms MarkObjects: 1.397000 ms  DeleteObjects: 0.046700 ms)

========================================================================
Received Prepare
Registering precompiled user dll's ...
Registered in 0.000550 seconds.
Begin MonoManager ReloadAssembly
Native extension for WindowsStandalone target not found
Refreshing native plugins compatible for Editor in 0.23 ms, found 0 plugins.
Preloading 0 native plugins for Editor in 0.00 ms.
Mono: successfully reloaded assembly
- Completed reload, in  0.614 seconds
Platform modules already initialized, skipping
Refreshing native plugins compatible for Editor in 0.23 ms, found 0 plugins.
Preloading 0 native plugins for Editor in 0.00 ms.
Unloading 1169 Unused Serialized files (Serialized files now loaded: 0)
System memory in use before: 64.6 MB.
System memory in use after: 64.7 MB.

Unloading 5 unused Assets to reduce memory usage. Loaded Objects now: 1679.
Total: 1.531300 ms (FindLiveObjects: 0.121700 ms CreateObjectMapping: 0.026400 ms MarkObjects: 1.341800 ms  DeleteObjects: 0.040600 ms)

========================================================================
Received Prepare
Registering precompiled user dll's ...
Registered in 0.000539 seconds.
Begin MonoManager ReloadAssembly
Native extension for WindowsStandalone target not found
Refreshing native plugins compatible for Editor in 0.25 ms, found 0 plugins.
Preloading 0 native plugins for Editor in 0.00 ms.
Mono: successfully reloaded assembly
- Completed reload, in  0.626 seconds
Platform modules already initialized, skipping
Refreshing native plugins compatible for Editor in 0.23 ms, found 0 plugins.
Preloading 0 native plugins for Editor in 0.00 ms.
Unloading 1169 Unused Serialized files (Serialized files now loaded: 0)
System memory in use before: 64.6 MB.
System memory in use after: 64.7 MB.

Unloading 5 unused Assets to reduce memory usage. Loaded Objects now: 1682.
Total: 1.669200 ms (FindLiveObjects: 0.159100 ms CreateObjectMapping: 0.030000 ms MarkObjects: 1.434500 ms  DeleteObjects: 0.044700 ms)

========================================================================
Received Import Request.
  Time since last request: 438.885331 seconds.
  path: Assets/Prefab/Mob/Mob2.prefab
  artifactKey: Guid(b8e357cf067c1c44a97c48e1e2973db6) Importer(815301076,1909f56bfc062723c751e8b465ee728b)
Start importing Assets/Prefab/Mob/Mob2.prefab using Guid(b8e357cf067c1c44a97c48e1e2973db6) Importer(815301076,1909f56bfc062723c751e8b465ee728b)  -> (artifact id: '9c1505b857d7c513749d922675975455') in 0.051627 seconds 
========================================================================
Received Import Request.
  Time since last request: 4.794810 seconds.
  path: Assets/Prefab/Mob/Mob3.prefab
  artifactKey: Guid(be6eaaff4e42a6746bc912ed8edbb5af) Importer(815301076,1909f56bfc062723c751e8b465ee728b)
Start importing Assets/Prefab/Mob/Mob3.prefab using Guid(be6eaaff4e42a6746bc912ed8edbb5af) Importer(815301076,1909f56bfc062723c751e8b465ee728b)  -> (artifact id: 'a205fc8622107ac5329dbb33b0206120') in 0.013053 seconds 
========================================================================
Received Prepare
Registering precompiled user dll's ...
Registered in 0.000572 seconds.
Begin MonoManager ReloadAssembly
Native extension for WindowsStandalone target not found
Refreshing native plugins compatible for Editor in 0.24 ms, found 0 plugins.
Preloading 0 native plugins for Editor in 0.00 ms.
Mono: successfully reloaded assembly
- Completed reload, in  0.623 seconds
Platform modules already initialized, skipping
Refreshing native plugins compatible for Editor in 0.24 ms, found 0 plugins.
Preloading 0 native plugins for Editor in 0.00 ms.
Unloading 1169 Unused Serialized files (Serialized files now loaded: 0)
System memory in use before: 64.6 MB.
System memory in use after: 64.7 MB.

Unloading 5 unused Assets to reduce memory usage. Loaded Objects now: 1686.
Total: 1.568900 ms (FindLiveObjects: 0.112100 ms CreateObjectMapping: 0.024700 ms MarkObjects: 1.394800 ms  DeleteObjects: 0.036600 ms)

========================================================================
Received Import Request.
  Time since last request: 59.722245 seconds.
  path: Assets/Prefab/Mob/Mob.prefab
  artifactKey: Guid(86ed252a24129a54a87ca8ec5b80a8bf) Importer(815301076,1909f56bfc062723c751e8b465ee728b)
Start importing Assets/Prefab/Mob/Mob.prefab using Guid(86ed252a24129a54a87ca8ec5b80a8bf) Importer(815301076,1909f56bfc062723c751e8b465ee728b)  -> (artifact id: '93c41ef324c08492e9116df1f1326a03') in 0.052370 seconds 
========================================================================
Received Import Request.
  Time since last request: 11.319990 seconds.
  path: Assets/AnimationControll/Mob_Die1.controller
  artifactKey: Guid(56af08107876dab4085566e928e2b5e1) Importer(815301076,1909f56bfc062723c751e8b465ee728b)
Start importing Assets/AnimationControll/Mob_Die1.controller using Guid(56af08107876dab4085566e928e2b5e1) Importer(815301076,1909f56bfc062723c751e8b465ee728b)  -> (artifact id: '326780e0fb7313b9a5534e6d6c411809') in 0.007560 seconds 
========================================================================
Received Import Request.
  Time since last request: 1841.780639 seconds.
  path: Assets/AnimationControll/Mob_Die2.controller
  artifactKey: Guid(597d200410df3d644b23d057178906bc) Importer(815301076,1909f56bfc062723c751e8b465ee728b)
Start importing Assets/AnimationControll/Mob_Die2.controller using Guid(597d200410df3d644b23d057178906bc) Importer(815301076,1909f56bfc062723c751e8b465ee728b)  -> (artifact id: 'e4f97e2c94d5b7f04b6194e94c3eee26') in 0.020331 seconds 
========================================================================
Received Prepare
Registering precompiled user dll's ...
Registered in 0.000479 seconds.
Begin MonoManager ReloadAssembly
Native extension for WindowsStandalone target not found
Refreshing native plugins compatible for Editor in 0.22 ms, found 0 plugins.
Preloading 0 native plugins for Editor in 0.00 ms.
Mono: successfully reloaded assembly
- Completed reload, in  0.596 seconds
Platform modules already initialized, skipping
Refreshing native plugins compatible for Editor in 0.23 ms, found 0 plugins.
Preloading 0 native plugins for Editor in 0.00 ms.
Unloading 1169 Unused Serialized files (Serialized files now loaded: 0)
System memory in use before: 64.7 MB.
System memory in use after: 64.7 MB.

Unloading 5 unused Assets to reduce memory usage. Loaded Objects now: 1690.
Total: 1.638100 ms (FindLiveObjects: 0.148400 ms CreateObjectMapping: 0.030000 ms MarkObjects: 1.408100 ms  DeleteObjects: 0.050900 ms)

========================================================================
Received Import Request.
  Time since last request: 185.950231 seconds.
  path: Assets/Animation/Die_1.anim
  artifactKey: Guid(05e7dfc6737df7f4c98c647c3b03cbb1) Importer(815301076,1909f56bfc062723c751e8b465ee728b)
Start importing Assets/Animation/Die_1.anim using Guid(05e7dfc6737df7f4c98c647c3b03cbb1) Importer(815301076,1909f56bfc062723c751e8b465ee728b)  -> (artifact id: 'f281834d0850d86a95f7fd488486f37a') in 0.046210 seconds 
========================================================================
Received Import Request.
  Time since last request: 2.955893 seconds.
  path: Assets/Animation/Die_2.anim
  artifactKey: Guid(2e6d5af197734d34fb34d0ba7d708290) Importer(815301076,1909f56bfc062723c751e8b465ee728b)
Start importing Assets/Animation/Die_2.anim using Guid(2e6d5af197734d34fb34d0ba7d708290) Importer(815301076,1909f56bfc062723c751e8b465ee728b)  -> (artifact id: '7fdbd9b49295cbb9b4debd05443c4e46') in 0.008526 seconds 
========================================================================
Received Import Request.
  Time since last request: 18.735359 seconds.
  path: Assets/Animation/Mob2_Move.anim
  artifactKey: Guid(45920f2face4d0b468679013f3f13a80) Importer(815301076,1909f56bfc062723c751e8b465ee728b)
Start importing Assets/Animation/Mob2_Move.anim using Guid(45920f2face4d0b468679013f3f13a80) Importer(815301076,1909f56bfc062723c751e8b465ee728b)  -> (artifact id: 'b1f4250ff7c1d121f6fcb0601cb53581') in 0.015292 seconds 
========================================================================
Received Import Request.
  Time since last request: 1.569722 seconds.
  path: Assets/Animation/Mob3_Move.anim
  artifactKey: Guid(518c433d64285fa40997d3cafcc882fe) Importer(815301076,1909f56bfc062723c751e8b465ee728b)
Start importing Assets/Animation/Mob3_Move.anim using Guid(518c433d64285fa40997d3cafcc882fe) Importer(815301076,1909f56bfc062723c751e8b465ee728b)  -> (artifact id: '9bbe6eeed2acc70cac45047bd01756bc') in 0.011109 seconds 
========================================================================
Received Import Request.
  Time since last request: 1.983454 seconds.
  path: Assets/Animation/Mob1_Move.anim
  artifactKey: Guid(e315e162f34570947a110694d6cb2183) Importer(815301076,1909f56bfc062723c751e8b465ee728b)
Start importing Assets/Animation/Mob1_Move.anim using Guid(e315e162f34570947a110694d6cb2183) Importer(815301076,1909f56bfc062723c751e8b465ee728b)  -> (artifact id: '961bb78a93987285b57cd003c65dd238') in 0.011786 seconds 
========================================================================
Received Import Request.
  Time since last request: 40.325212 seconds.
  path: Assets/AnimationControll/Mob_Die2.controller
  artifactKey: Guid(597d200410df3d644b23d057178906bc) Importer(815301076,1909f56bfc062723c751e8b465ee728b)
Start importing Assets/AnimationControll/Mob_Die2.controller using Guid(597d200410df3d644b23d057178906bc) Importer(815301076,1909f56bfc062723c751e8b465ee728b)  -> (artifact id: 'c883c60e76b470fc24028ec0c1aa33f6') in 0.003688 seconds 
========================================================================
Received Prepare
Registering precompiled user dll's ...
Registered in 0.000611 seconds.
Begin MonoManager ReloadAssembly
Native extension for WindowsStandalone target not found
Refreshing native plugins compatible for Editor in 0.23 ms, found 0 plugins.
Preloading 0 native plugins for Editor in 0.00 ms.
Mono: successfully reloaded assembly
- Completed reload, in  0.606 seconds
Platform modules already initialized, skipping
Refreshing native plugins compatible for Editor in 0.40 ms, found 0 plugins.
Preloading 0 native plugins for Editor in 0.00 ms.
Unloading 1169 Unused Serialized files (Serialized files now loaded: 0)
System memory in use before: 64.7 MB.
System memory in use after: 64.7 MB.

Unloading 5 unused Assets to reduce memory usage. Loaded Objects now: 1693.
Total: 2.163900 ms (FindLiveObjects: 0.234000 ms CreateObjectMapping: 0.034600 ms MarkObjects: 1.835500 ms  DeleteObjects: 0.057700 ms)

========================================================================
Received Import Request.
  Time since last request: 286.480285 seconds.
  path: Assets/Image/Null.png
  artifactKey: Guid(4f591ee10b6dc8e43a045172441a387b) Importer(815301076,1909f56bfc062723c751e8b465ee728b)
Start importing Assets/Image/Null.png using Guid(4f591ee10b6dc8e43a045172441a387b) Importer(815301076,1909f56bfc062723c751e8b465ee728b)  -> (artifact id: '7235141fa0359a4cffe2a831e7e052c2') in 0.072887 seconds 
========================================================================
Received Import Request.
  Time since last request: 0.705028 seconds.
  path: Assets/Image/Null2.png
  artifactKey: Guid(7f11d6c66b7fb134d8124645daf902ba) Importer(815301076,1909f56bfc062723c751e8b465ee728b)
Start importing Assets/Image/Null2.png using Guid(7f11d6c66b7fb134d8124645daf902ba) Importer(815301076,1909f56bfc062723c751e8b465ee728b)  -> (artifact id: 'd842a87200500f347f81f3fb12f28bd6') in 0.013422 seconds 
========================================================================
Received Import Request.
  Time since last request: 3.795580 seconds.
  path: Assets/Image/Null2.png
  artifactKey: Guid(7f11d6c66b7fb134d8124645daf902ba) Importer(815301076,1909f56bfc062723c751e8b465ee728b)
Start importing Assets/Image/Null2.png using Guid(7f11d6c66b7fb134d8124645daf902ba) Importer(815301076,1909f56bfc062723c751e8b465ee728b)  -> (artifact id: 'e777e08dddb7ce4a8f8192cc7c738fc5') in 0.035921 seconds 
========================================================================
Received Import Request.
  Time since last request: 1.390456 seconds.
  path: Assets/Image/Null.png
  artifactKey: Guid(4f591ee10b6dc8e43a045172441a387b) Importer(815301076,1909f56bfc062723c751e8b465ee728b)
Start importing Assets/Image/Null.png using Guid(4f591ee10b6dc8e43a045172441a387b) Importer(815301076,1909f56bfc062723c751e8b465ee728b)  -> (artifact id: 'eba318db207d2bf2d5da12d5e383db4a') in 0.016488 seconds 
========================================================================
Received Import Request.
  Time since last request: 90.224068 seconds.
  path: Assets/Prefab/Mob/Mob.prefab
  artifactKey: Guid(86ed252a24129a54a87ca8ec5b80a8bf) Importer(815301076,1909f56bfc062723c751e8b465ee728b)
Start importing Assets/Prefab/Mob/Mob.prefab using Guid(86ed252a24129a54a87ca8ec5b80a8bf) Importer(815301076,1909f56bfc062723c751e8b465ee728b)  -> (artifact id: '3c5c57b40237d495cfdf07fa28975034') in 0.057356 seconds 
========================================================================
Received Import Request.
  Time since last request: 4.109593 seconds.
  path: Assets/Prefab/Mob/Mob2.prefab
  artifactKey: Guid(b8e357cf067c1c44a97c48e1e2973db6) Importer(815301076,1909f56bfc062723c751e8b465ee728b)
Start importing Assets/Prefab/Mob/Mob2.prefab using Guid(b8e357cf067c1c44a97c48e1e2973db6) Importer(815301076,1909f56bfc062723c751e8b465ee728b)  -> (artifact id: '7a92b78a2c32deb041325a88cccadaf3') in 0.029036 seconds 
========================================================================
Received Prepare
Registering precompiled user dll's ...
Registered in 0.000465 seconds.
Begin MonoManager ReloadAssembly
Native extension for WindowsStandalone target not found
Refreshing native plugins compatible for Editor in 0.23 ms, found 0 plugins.
Preloading 0 native plugins for Editor in 0.00 ms.
Mono: successfully reloaded assembly
- Completed reload, in  0.613 seconds
Platform modules already initialized, skipping
Refreshing native plugins compatible for Editor in 0.23 ms, found 0 plugins.
Preloading 0 native plugins for Editor in 0.00 ms.
Unloading 1171 Unused Serialized files (Serialized files now loaded: 0)
System memory in use before: 66.9 MB.
System memory in use after: 67.0 MB.

Unloading 5 unused Assets to reduce memory usage. Loaded Objects now: 1757.
Total: 1.710600 ms (FindLiveObjects: 0.134800 ms CreateObjectMapping: 0.029300 ms MarkObjects: 1.504400 ms  DeleteObjects: 0.040900 ms)

AssetImportWorkerClient::OnTransportError - code=2 error=End of file
