Using pre-set license
Built from '2021.1/release' branch; Version is '2021.1.1f1 (6fdc41dfa55a) revision 7330881'; Using compiler version '192528614'; Build Type 'Release'
OS: 'Windows 10 Pro; OS build 19041.928; Version 2004; 64bit' Language: 'ko' Physical Memory: 16342 MB
BatchMode: 1, IsHumanControllingUs: 0, StartBugReporterOnCrash: 0, Is64bit: 1, IsPro: 0

 COMMAND LINE ARGUMENTS:
C:\Program Files\2021.1.1f1\Editor\Unity.exe
-adb2
-batchMode
-noUpm
-name
AssetImportWorker0
-projectPath
E:/유니티/Soft
-logFile
Logs/AssetImportWorker0.log
-srvPort
10612
Successfully changed project path to: E:/유니티/Soft
E:/유니티/Soft
Using Asset Import Pipeline V2.
Refreshing native plugins compatible for Editor in 30.07 ms, found 0 plugins.
Preloading 0 native plugins for Editor in 0.00 ms.
Initialize engine version: 2021.1.1f1 (6fdc41dfa55a)
[Subsystems] Discovering subsystems at path C:/Program Files/2021.1.1f1/Editor/Data/Resources/UnitySubsystems
[Subsystems] Discovering subsystems at path E:/유니티/Soft/Assets
GfxDevice: creating device client; threaded=0; jobified=0
Direct3D:
    Version:  Direct3D 11.0 [level 11.1]
    Renderer: NVIDIA GeForce GTX 1060 6GB (ID=0x1c03)
    Vendor:   NVIDIA
    VRAM:     6052 MB
    Driver:   27.21.14.5671
Initialize mono
Mono path[0] = 'C:/Program Files/2021.1.1f1/Editor/Data/Managed'
Mono path[1] = 'C:/Program Files/2021.1.1f1/Editor/Data/MonoBleedingEdge/lib/mono/unityjit'
Mono config path = 'C:/Program Files/2021.1.1f1/Editor/Data/MonoBleedingEdge/etc'
Using monoOptions --debugger-agent=transport=dt_socket,embedding=1,server=y,suspend=n,address=127.0.0.1:56704
Begin MonoManager ReloadAssembly
Registering precompiled unity dll's ...
Register platform support module: C:/Program Files/2021.1.1f1/Editor/Data/PlaybackEngines/WindowsStandaloneSupport/UnityEditor.WindowsStandalone.Extensions.dll
Registered in 0.002674 seconds.
Native extension for WindowsStandalone target not found
Refreshing native plugins compatible for Editor in 24.92 ms, found 0 plugins.
Preloading 0 native plugins for Editor in 0.00 ms.
Mono: successfully reloaded assembly
- Completed reload, in  2.283 seconds
Platform modules already initialized, skipping
Registering precompiled user dll's ...
Registered in 0.000790 seconds.
Begin MonoManager ReloadAssembly
Native extension for WindowsStandalone target not found
Refreshing native plugins compatible for Editor in 0.21 ms, found 0 plugins.
Preloading 0 native plugins for Editor in 0.00 ms.
Mono: successfully reloaded assembly
- Completed reload, in  0.983 seconds
Platform modules already initialized, skipping
========================================================================
Worker process is ready to serve import requests
Launched and connected shader compiler UnityShaderCompiler.exe after 0.09 seconds
Refreshing native plugins compatible for Editor in 0.20 ms, found 0 plugins.
Preloading 0 native plugins for Editor in 0.00 ms.
Unloading 1144 Unused Serialized files (Serialized files now loaded: 0)
System memory in use before: 64.6 MB.
System memory in use after: 64.6 MB.

Unloading 10 unused Assets to reduce memory usage. Loaded Objects now: 1602.
Total: 1.903400 ms (FindLiveObjects: 0.123700 ms CreateObjectMapping: 0.041200 ms MarkObjects: 1.639400 ms  DeleteObjects: 0.098100 ms)

========================================================================
Received Import Request.
  path: Assets/Enemy.cs
  artifactKey: Guid(8244bebca58965c469265ef6988a098d) Importer(815301076,1909f56bfc062723c751e8b465ee728b)
Start importing Assets/Enemy.cs using Guid(8244bebca58965c469265ef6988a098d) Importer(815301076,1909f56bfc062723c751e8b465ee728b)  -> (artifact id: '1be04580914bd52cf4bb8ee851b435ec') in 0.055839 seconds 
========================================================================
Received Prepare
Refreshing native plugins compatible for Editor in 0.59 ms, found 0 plugins.
Preloading 0 native plugins for Editor in 0.00 ms.
Unloading 3 Unused Serialized files (Serialized files now loaded: 0)
System memory in use before: 40.9 MB.
System memory in use after: 41.0 MB.

Unloading 3 unused Assets to reduce memory usage. Loaded Objects now: 1602.
Total: 3.251200 ms (FindLiveObjects: 0.145500 ms CreateObjectMapping: 0.064600 ms MarkObjects: 2.987300 ms  DeleteObjects: 0.052100 ms)

========================================================================
Received Import Request.
  Time since last request: 13.013894 seconds.
  path: Assets/Enemy.cs
  artifactKey: Guid(8244bebca58965c469265ef6988a098d) Importer(815301076,1909f56bfc062723c751e8b465ee728b)
Start importing Assets/Enemy.cs using Guid(8244bebca58965c469265ef6988a098d) Importer(815301076,1909f56bfc062723c751e8b465ee728b)  -> (artifact id: '108f4a84e98c08ddc27470d46abe9656') in 0.009188 seconds 
========================================================================
Received Prepare
Registering precompiled user dll's ...
Registered in 0.001037 seconds.
Begin MonoManager ReloadAssembly
Native extension for WindowsStandalone target not found
Refreshing native plugins compatible for Editor in 0.24 ms, found 0 plugins.
Preloading 0 native plugins for Editor in 0.00 ms.
Mono: successfully reloaded assembly
- Completed reload, in  0.960 seconds
Platform modules already initialized, skipping
Refreshing native plugins compatible for Editor in 0.23 ms, found 0 plugins.
Preloading 0 native plugins for Editor in 0.00 ms.
Unloading 1126 Unused Serialized files (Serialized files now loaded: 0)
System memory in use before: 63.5 MB.
System memory in use after: 63.5 MB.

Unloading 5 unused Assets to reduce memory usage. Loaded Objects now: 1605.
Total: 2.574400 ms (FindLiveObjects: 0.135700 ms CreateObjectMapping: 0.036800 ms MarkObjects: 2.311100 ms  DeleteObjects: 0.089800 ms)

========================================================================
Received Import Request.
  Time since last request: 33.331370 seconds.
  path: Assets/Tile.cs
  artifactKey: Guid(3bdbe893527ef8f4cbe28561829940ff) Importer(815301076,1909f56bfc062723c751e8b465ee728b)
Start importing Assets/Tile.cs using Guid(3bdbe893527ef8f4cbe28561829940ff) Importer(815301076,1909f56bfc062723c751e8b465ee728b)  -> (artifact id: '97b2ae2e5376c08f8aa3cb48b4c73105') in 0.011940 seconds 
========================================================================
Received Import Request.
  Time since last request: 4.035637 seconds.
  path: Assets/GameManager.cs
  artifactKey: Guid(385b624e17018cd42893334d6529c501) Importer(815301076,1909f56bfc062723c751e8b465ee728b)
Start importing Assets/GameManager.cs using Guid(385b624e17018cd42893334d6529c501) Importer(815301076,1909f56bfc062723c751e8b465ee728b)  -> (artifact id: '10ec9d03fd2fd8701955491008db4295') in 0.015959 seconds 
========================================================================
Received Prepare
Registering precompiled user dll's ...
Registered in 0.000768 seconds.
Begin MonoManager ReloadAssembly
Native extension for WindowsStandalone target not found
Refreshing native plugins compatible for Editor in 0.20 ms, found 0 plugins.
Preloading 0 native plugins for Editor in 0.00 ms.
Mono: successfully reloaded assembly
- Completed reload, in  0.904 seconds
Platform modules already initialized, skipping
Refreshing native plugins compatible for Editor in 0.19 ms, found 0 plugins.
Preloading 0 native plugins for Editor in 0.00 ms.
Unloading 1126 Unused Serialized files (Serialized files now loaded: 0)
System memory in use before: 63.5 MB.
System memory in use after: 63.6 MB.

Unloading 5 unused Assets to reduce memory usage. Loaded Objects now: 1608.
Total: 2.233100 ms (FindLiveObjects: 0.148700 ms CreateObjectMapping: 0.039600 ms MarkObjects: 1.959100 ms  DeleteObjects: 0.083900 ms)

========================================================================
Received Prepare
Registering precompiled user dll's ...
Registered in 0.001251 seconds.
Begin MonoManager ReloadAssembly
Native extension for WindowsStandalone target not found
Refreshing native plugins compatible for Editor in 0.35 ms, found 0 plugins.
Preloading 0 native plugins for Editor in 0.00 ms.
Mono: successfully reloaded assembly
- Completed reload, in  1.378 seconds
Platform modules already initialized, skipping
Refreshing native plugins compatible for Editor in 0.24 ms, found 0 plugins.
Preloading 0 native plugins for Editor in 0.00 ms.
Unloading 1126 Unused Serialized files (Serialized files now loaded: 0)
System memory in use before: 63.5 MB.
System memory in use after: 63.6 MB.

Unloading 5 unused Assets to reduce memory usage. Loaded Objects now: 1611.
Total: 5.209300 ms (FindLiveObjects: 0.123700 ms CreateObjectMapping: 0.039000 ms MarkObjects: 4.986700 ms  DeleteObjects: 0.058000 ms)

========================================================================
Received Prepare
Registering precompiled user dll's ...
Registered in 0.001405 seconds.
Begin MonoManager ReloadAssembly
Native extension for WindowsStandalone target not found
Refreshing native plugins compatible for Editor in 0.48 ms, found 0 plugins.
Preloading 0 native plugins for Editor in 0.00 ms.
Mono: successfully reloaded assembly
- Completed reload, in  0.924 seconds
Platform modules already initialized, skipping
Refreshing native plugins compatible for Editor in 0.20 ms, found 0 plugins.
Preloading 0 native plugins for Editor in 0.00 ms.
Unloading 1126 Unused Serialized files (Serialized files now loaded: 0)
System memory in use before: 63.6 MB.
System memory in use after: 63.6 MB.

Unloading 5 unused Assets to reduce memory usage. Loaded Objects now: 1614.
Total: 2.239100 ms (FindLiveObjects: 0.360400 ms CreateObjectMapping: 0.083400 ms MarkObjects: 1.737900 ms  DeleteObjects: 0.053400 ms)

========================================================================
Received Prepare
Registering precompiled user dll's ...
Registered in 0.001485 seconds.
Begin MonoManager ReloadAssembly
Native extension for WindowsStandalone target not found
Refreshing native plugins compatible for Editor in 0.27 ms, found 0 plugins.
Preloading 0 native plugins for Editor in 0.00 ms.
Mono: successfully reloaded assembly
- Completed reload, in  0.963 seconds
Platform modules already initialized, skipping
Refreshing native plugins compatible for Editor in 0.20 ms, found 0 plugins.
Preloading 0 native plugins for Editor in 0.00 ms.
Unloading 1126 Unused Serialized files (Serialized files now loaded: 0)
System memory in use before: 63.6 MB.
System memory in use after: 63.6 MB.

Unloading 5 unused Assets to reduce memory usage. Loaded Objects now: 1617.
Total: 2.315400 ms (FindLiveObjects: 0.292400 ms CreateObjectMapping: 0.044600 ms MarkObjects: 1.913200 ms  DeleteObjects: 0.062300 ms)

========================================================================
Received Prepare
Registering precompiled user dll's ...
Registered in 0.000805 seconds.
Begin MonoManager ReloadAssembly
Native extension for WindowsStandalone target not found
Refreshing native plugins compatible for Editor in 0.20 ms, found 0 plugins.
Preloading 0 native plugins for Editor in 0.00 ms.
Mono: successfully reloaded assembly
- Completed reload, in  0.977 seconds
Platform modules already initialized, skipping
Refreshing native plugins compatible for Editor in 0.19 ms, found 0 plugins.
Preloading 0 native plugins for Editor in 0.00 ms.
Unloading 1126 Unused Serialized files (Serialized files now loaded: 0)
System memory in use before: 63.6 MB.
System memory in use after: 63.6 MB.

Unloading 5 unused Assets to reduce memory usage. Loaded Objects now: 1620.
Total: 2.212700 ms (FindLiveObjects: 0.233600 ms CreateObjectMapping: 0.065500 ms MarkObjects: 1.821800 ms  DeleteObjects: 0.089300 ms)

========================================================================
Received Prepare
Registering precompiled user dll's ...
Registered in 0.000791 seconds.
Begin MonoManager ReloadAssembly
Native extension for WindowsStandalone target not found
Refreshing native plugins compatible for Editor in 0.21 ms, found 0 plugins.
Preloading 0 native plugins for Editor in 0.00 ms.
Mono: successfully reloaded assembly
- Completed reload, in  0.969 seconds
Platform modules already initialized, skipping
Refreshing native plugins compatible for Editor in 0.20 ms, found 0 plugins.
Preloading 0 native plugins for Editor in 0.00 ms.
Unloading 1126 Unused Serialized files (Serialized files now loaded: 0)
System memory in use before: 63.6 MB.
System memory in use after: 63.6 MB.

Unloading 5 unused Assets to reduce memory usage. Loaded Objects now: 1623.
Total: 2.321900 ms (FindLiveObjects: 0.120200 ms CreateObjectMapping: 0.036200 ms MarkObjects: 2.112300 ms  DeleteObjects: 0.051700 ms)

========================================================================
Received Import Request.
  Time since last request: 575.799588 seconds.
  path: Assets/Scripts
  artifactKey: Guid(a14a2ec97812bb848aaf3e0172ae99ab) Importer(815301076,1909f56bfc062723c751e8b465ee728b)
Start importing Assets/Scripts using Guid(a14a2ec97812bb848aaf3e0172ae99ab) Importer(815301076,1909f56bfc062723c751e8b465ee728b)  -> (artifact id: 'f2a91ac8b3752914c23305f6a76403bc') in 0.017074 seconds 
========================================================================
Received Prepare
Registering precompiled user dll's ...
Registered in 0.001055 seconds.
Begin MonoManager ReloadAssembly
Native extension for WindowsStandalone target not found
Refreshing native plugins compatible for Editor in 0.24 ms, found 0 plugins.
Preloading 0 native plugins for Editor in 0.00 ms.
Mono: successfully reloaded assembly
- Completed reload, in  1.037 seconds
Platform modules already initialized, skipping
Refreshing native plugins compatible for Editor in 0.20 ms, found 0 plugins.
Preloading 0 native plugins for Editor in 0.00 ms.
Unloading 1126 Unused Serialized files (Serialized files now loaded: 0)
System memory in use before: 63.6 MB.
System memory in use after: 63.7 MB.

Unloading 5 unused Assets to reduce memory usage. Loaded Objects now: 1626.
Total: 1.896600 ms (FindLiveObjects: 0.148400 ms CreateObjectMapping: 0.041900 ms MarkObjects: 1.617800 ms  DeleteObjects: 0.087600 ms)

========================================================================
Received Import Request.
  Time since last request: 16.108287 seconds.
  path: Assets/Scripts/GameManager.cs
  artifactKey: Guid(385b624e17018cd42893334d6529c501) Importer(815301076,1909f56bfc062723c751e8b465ee728b)
Start importing Assets/Scripts/GameManager.cs using Guid(385b624e17018cd42893334d6529c501) Importer(815301076,1909f56bfc062723c751e8b465ee728b)  -> (artifact id: '702a2571bbbe6c02ffe52b3f5c0890db') in 0.013658 seconds 
========================================================================
Received Prepare
Registering precompiled user dll's ...
Registered in 0.001520 seconds.
Begin MonoManager ReloadAssembly
Native extension for WindowsStandalone target not found
Refreshing native plugins compatible for Editor in 0.20 ms, found 0 plugins.
Preloading 0 native plugins for Editor in 0.00 ms.
Mono: successfully reloaded assembly
- Completed reload, in  1.007 seconds
Platform modules already initialized, skipping
Refreshing native plugins compatible for Editor in 0.33 ms, found 0 plugins.
Preloading 0 native plugins for Editor in 0.00 ms.
Unloading 1126 Unused Serialized files (Serialized files now loaded: 0)
System memory in use before: 63.6 MB.
System memory in use after: 63.7 MB.

Unloading 5 unused Assets to reduce memory usage. Loaded Objects now: 1629.
Total: 2.209400 ms (FindLiveObjects: 0.179200 ms CreateObjectMapping: 0.085400 ms MarkObjects: 1.894800 ms  DeleteObjects: 0.048500 ms)

========================================================================
Received Import Request.
  Time since last request: 15.560469 seconds.
  path: Assets/Scripts/SpawnManager.cs
  artifactKey: Guid(2b62d8cf5a5c1fc4c8274848b39282c2) Importer(815301076,1909f56bfc062723c751e8b465ee728b)
Start importing Assets/Scripts/SpawnManager.cs using Guid(2b62d8cf5a5c1fc4c8274848b39282c2) Importer(815301076,1909f56bfc062723c751e8b465ee728b)  -> (artifact id: '2028903e74e6ce670bac2d18959afb15') in 0.056941 seconds 
========================================================================
Received Prepare
Registering precompiled user dll's ...
Registered in 0.001265 seconds.
Begin MonoManager ReloadAssembly
Native extension for WindowsStandalone target not found
Refreshing native plugins compatible for Editor in 0.41 ms, found 0 plugins.
Preloading 0 native plugins for Editor in 0.00 ms.
Mono: successfully reloaded assembly
- Completed reload, in  1.098 seconds
Platform modules already initialized, skipping
Refreshing native plugins compatible for Editor in 0.19 ms, found 0 plugins.
Preloading 0 native plugins for Editor in 0.00 ms.
Unloading 1127 Unused Serialized files (Serialized files now loaded: 0)
System memory in use before: 63.6 MB.
System memory in use after: 63.7 MB.

Unloading 5 unused Assets to reduce memory usage. Loaded Objects now: 1633.
Total: 2.017900 ms (FindLiveObjects: 0.180200 ms CreateObjectMapping: 0.057200 ms MarkObjects: 1.680400 ms  DeleteObjects: 0.097600 ms)

========================================================================
Received Prepare
Registering precompiled user dll's ...
Registered in 0.001070 seconds.
Begin MonoManager ReloadAssembly
Native extension for WindowsStandalone target not found
Refreshing native plugins compatible for Editor in 0.20 ms, found 0 plugins.
Preloading 0 native plugins for Editor in 0.00 ms.
Mono: successfully reloaded assembly
- Completed reload, in  0.973 seconds
Platform modules already initialized, skipping
Refreshing native plugins compatible for Editor in 0.25 ms, found 0 plugins.
Preloading 0 native plugins for Editor in 0.00 ms.
Unloading 1127 Unused Serialized files (Serialized files now loaded: 0)
System memory in use before: 63.6 MB.
System memory in use after: 63.7 MB.

Unloading 5 unused Assets to reduce memory usage. Loaded Objects now: 1636.
Total: 1.803300 ms (FindLiveObjects: 0.214300 ms CreateObjectMapping: 0.032600 ms MarkObjects: 1.477500 ms  DeleteObjects: 0.077800 ms)

========================================================================
Received Import Request.
  Time since last request: 211.879287 seconds.
  path: Assets/SpawnManager.prefab
  artifactKey: Guid(f1115a96318c65b47a99fa0a60e1dff8) Importer(815301076,1909f56bfc062723c751e8b465ee728b)
Start importing Assets/SpawnManager.prefab using Guid(f1115a96318c65b47a99fa0a60e1dff8) Importer(815301076,1909f56bfc062723c751e8b465ee728b)  -> (artifact id: '512c63c4ae6781d2babe73c1302d7cdb') in 0.122219 seconds 
========================================================================
Received Import Request.
  Time since last request: 6.854770 seconds.
  path: Assets/Prefab
  artifactKey: Guid(6438fa04eef4841448fd1b914084a6b2) Importer(815301076,1909f56bfc062723c751e8b465ee728b)
Start importing Assets/Prefab using Guid(6438fa04eef4841448fd1b914084a6b2) Importer(815301076,1909f56bfc062723c751e8b465ee728b)  -> (artifact id: '8acd8f758c139b8b301c4ed7361fd67c') in 0.017551 seconds 
========================================================================
Received Import Request.
  Time since last request: 1.997977 seconds.
  path: Assets/Mob.prefab
  artifactKey: Guid(86ed252a24129a54a87ca8ec5b80a8bf) Importer(815301076,1909f56bfc062723c751e8b465ee728b)
Start importing Assets/Mob.prefab using Guid(86ed252a24129a54a87ca8ec5b80a8bf) Importer(815301076,1909f56bfc062723c751e8b465ee728b)  -> (artifact id: 'd3bdebac7ae4c1c62df1e4c859d1758a') in 0.023529 seconds 
========================================================================
Received Prepare
Registering precompiled user dll's ...
Registered in 0.001058 seconds.
Begin MonoManager ReloadAssembly
Native extension for WindowsStandalone target not found
Refreshing native plugins compatible for Editor in 0.24 ms, found 0 plugins.
Preloading 0 native plugins for Editor in 0.00 ms.
Mono: successfully reloaded assembly
- Completed reload, in  0.999 seconds
Platform modules already initialized, skipping
Refreshing native plugins compatible for Editor in 0.20 ms, found 0 plugins.
Preloading 0 native plugins for Editor in 0.00 ms.
Unloading 1127 Unused Serialized files (Serialized files now loaded: 0)
System memory in use before: 67.4 MB.
System memory in use after: 67.5 MB.

Unloading 5 unused Assets to reduce memory usage. Loaded Objects now: 1647.
Total: 2.011800 ms (FindLiveObjects: 0.161900 ms CreateObjectMapping: 0.039300 ms MarkObjects: 1.717100 ms  DeleteObjects: 0.092300 ms)

========================================================================
Received Prepare
Registering precompiled user dll's ...
Registered in 0.001126 seconds.
Begin MonoManager ReloadAssembly
Native extension for WindowsStandalone target not found
Refreshing native plugins compatible for Editor in 0.21 ms, found 0 plugins.
Preloading 0 native plugins for Editor in 0.00 ms.
Mono: successfully reloaded assembly
- Completed reload, in  1.000 seconds
Platform modules already initialized, skipping
Refreshing native plugins compatible for Editor in 0.38 ms, found 0 plugins.
Preloading 0 native plugins for Editor in 0.00 ms.
Unloading 1127 Unused Serialized files (Serialized files now loaded: 0)
System memory in use before: 67.4 MB.
System memory in use after: 67.5 MB.

Unloading 5 unused Assets to reduce memory usage. Loaded Objects now: 1650.
Total: 2.141000 ms (FindLiveObjects: 0.178800 ms CreateObjectMapping: 0.045700 ms MarkObjects: 1.812300 ms  DeleteObjects: 0.102800 ms)

========================================================================
Received Import Request.
  Time since last request: 610.148884 seconds.
  path: Assets/Scripts/StageManager.cs
  artifactKey: Guid(5e414b9e1190c5b419eafef1377fdfff) Importer(815301076,1909f56bfc062723c751e8b465ee728b)
Start importing Assets/Scripts/StageManager.cs using Guid(5e414b9e1190c5b419eafef1377fdfff) Importer(815301076,1909f56bfc062723c751e8b465ee728b)  -> (artifact id: 'd57c856ef584a96e1267f2f2bb6bd330') in 0.019123 seconds 
========================================================================
Received Prepare
Registering precompiled user dll's ...
Registered in 0.000828 seconds.
Begin MonoManager ReloadAssembly
Native extension for WindowsStandalone target not found
Refreshing native plugins compatible for Editor in 0.48 ms, found 0 plugins.
Preloading 0 native plugins for Editor in 0.00 ms.
Mono: successfully reloaded assembly
- Completed reload, in  0.966 seconds
Platform modules already initialized, skipping
Refreshing native plugins compatible for Editor in 0.28 ms, found 0 plugins.
Preloading 0 native plugins for Editor in 0.00 ms.
Unloading 1128 Unused Serialized files (Serialized files now loaded: 0)
System memory in use before: 67.5 MB.
System memory in use after: 67.5 MB.

Unloading 5 unused Assets to reduce memory usage. Loaded Objects now: 1654.
Total: 1.886200 ms (FindLiveObjects: 0.166400 ms CreateObjectMapping: 0.035100 ms MarkObjects: 1.588300 ms  DeleteObjects: 0.094800 ms)

========================================================================
Received Prepare
Registering precompiled user dll's ...
Registered in 0.000800 seconds.
Begin MonoManager ReloadAssembly
Native extension for WindowsStandalone target not found
Refreshing native plugins compatible for Editor in 0.20 ms, found 0 plugins.
Preloading 0 native plugins for Editor in 0.00 ms.
Mono: successfully reloaded assembly
- Completed reload, in  1.007 seconds
Platform modules already initialized, skipping
Refreshing native plugins compatible for Editor in 0.41 ms, found 0 plugins.
Preloading 0 native plugins for Editor in 0.00 ms.
Unloading 1128 Unused Serialized files (Serialized files now loaded: 0)
System memory in use before: 67.5 MB.
System memory in use after: 67.5 MB.

Unloading 5 unused Assets to reduce memory usage. Loaded Objects now: 1657.
Total: 1.907300 ms (FindLiveObjects: 0.153500 ms CreateObjectMapping: 0.045000 ms MarkObjects: 1.657300 ms  DeleteObjects: 0.049500 ms)

========================================================================
Received Prepare
Registering precompiled user dll's ...
Registered in 0.000689 seconds.
Begin MonoManager ReloadAssembly
Native extension for WindowsStandalone target not found
Refreshing native plugins compatible for Editor in 0.22 ms, found 0 plugins.
Preloading 0 native plugins for Editor in 0.00 ms.
Mono: successfully reloaded assembly
- Completed reload, in  0.967 seconds
Platform modules already initialized, skipping
Refreshing native plugins compatible for Editor in 0.26 ms, found 0 plugins.
Preloading 0 native plugins for Editor in 0.00 ms.
Unloading 1128 Unused Serialized files (Serialized files now loaded: 0)
System memory in use before: 67.5 MB.
System memory in use after: 67.5 MB.

Unloading 5 unused Assets to reduce memory usage. Loaded Objects now: 1660.
Total: 1.996900 ms (FindLiveObjects: 0.138700 ms CreateObjectMapping: 0.061000 ms MarkObjects: 1.699500 ms  DeleteObjects: 0.096600 ms)

========================================================================
Received Prepare
Registering precompiled user dll's ...
Registered in 0.003265 seconds.
Begin MonoManager ReloadAssembly
Native extension for WindowsStandalone target not found
Refreshing native plugins compatible for Editor in 0.36 ms, found 0 plugins.
Preloading 0 native plugins for Editor in 0.00 ms.
Mono: successfully reloaded assembly
- Completed reload, in  1.650 seconds
Platform modules already initialized, skipping
Refreshing native plugins compatible for Editor in 0.23 ms, found 0 plugins.
Preloading 0 native plugins for Editor in 0.00 ms.
Unloading 1128 Unused Serialized files (Serialized files now loaded: 0)
System memory in use before: 67.5 MB.
System memory in use after: 67.5 MB.

Unloading 5 unused Assets to reduce memory usage. Loaded Objects now: 1663.
Total: 2.864500 ms (FindLiveObjects: 0.225300 ms CreateObjectMapping: 0.053200 ms MarkObjects: 2.491700 ms  DeleteObjects: 0.091800 ms)

========================================================================
Received Import Request.
  Time since last request: 1925.840483 seconds.
  path: Assets/Scripts/TowerManager.cs
  artifactKey: Guid(2397f240b23816a41a3c3680a53f6b63) Importer(815301076,1909f56bfc062723c751e8b465ee728b)
Start importing Assets/Scripts/TowerManager.cs using Guid(2397f240b23816a41a3c3680a53f6b63) Importer(815301076,1909f56bfc062723c751e8b465ee728b)  -> (artifact id: '8e48c22bba8d98f47cd971c805b037d8') in 0.024392 seconds 
========================================================================
Received Import Request.
  Time since last request: 89.498492 seconds.
  path: Assets/Prefab/Cube_Tower_able.prefab
  artifactKey: Guid(cf962b0347b3c0849a187c8f3ab61ee5) Importer(815301076,1909f56bfc062723c751e8b465ee728b)
Start importing Assets/Prefab/Cube_Tower_able.prefab using Guid(cf962b0347b3c0849a187c8f3ab61ee5) Importer(815301076,1909f56bfc062723c751e8b465ee728b)  -> (artifact id: '5a53579912757f284623c4c24cb5e789') in 0.102917 seconds 
========================================================================
Received Import Request.
  Time since last request: 556.105407 seconds.
  path: Assets/Prefab/Mob2.prefab
  artifactKey: Guid(db05fbe45b4ac0b4f9d38378ead6a428) Importer(815301076,1909f56bfc062723c751e8b465ee728b)
Start importing Assets/Prefab/Mob2.prefab using Guid(db05fbe45b4ac0b4f9d38378ead6a428) Importer(815301076,1909f56bfc062723c751e8b465ee728b)  -> (artifact id: 'd22052c666c4180f4194b8defc0f2053') in 0.034085 seconds 
========================================================================
Received Import Request.
  Time since last request: 28.416178 seconds.
  path: Assets/Prefab/Spawner.prefab
  artifactKey: Guid(f1115a96318c65b47a99fa0a60e1dff8) Importer(815301076,1909f56bfc062723c751e8b465ee728b)
Start importing Assets/Prefab/Spawner.prefab using Guid(f1115a96318c65b47a99fa0a60e1dff8) Importer(815301076,1909f56bfc062723c751e8b465ee728b)  -> (artifact id: 'e74358dd3de17a56c79fa97f54d3b667') in 0.026763 seconds 
========================================================================
Received Prepare
Registering precompiled user dll's ...
Registered in 0.001099 seconds.
Begin MonoManager ReloadAssembly
Native extension for WindowsStandalone target not found
Refreshing native plugins compatible for Editor in 0.28 ms, found 0 plugins.
Preloading 0 native plugins for Editor in 0.00 ms.
Mono: successfully reloaded assembly
- Completed reload, in  0.950 seconds
Platform modules already initialized, skipping
Refreshing native plugins compatible for Editor in 0.26 ms, found 0 plugins.
Preloading 0 native plugins for Editor in 0.00 ms.
Unloading 1128 Unused Serialized files (Serialized files now loaded: 0)
System memory in use before: 67.5 MB.
System memory in use after: 67.6 MB.

Unloading 6 unused Assets to reduce memory usage. Loaded Objects now: 1668.
Total: 2.379400 ms (FindLiveObjects: 0.180900 ms CreateObjectMapping: 0.109700 ms MarkObjects: 2.027800 ms  DeleteObjects: 0.058100 ms)

AssetImportWorkerClient::OnTransportError - code=2 error=End of file
